:: loading settings :: url = jar:file:/opt/bitnami/spark/jars/ivy-2.5.0.jar!/org/apache/ivy/core/settings/ivysettings.xml
Ivy Default Cache set to: /root/.ivy2/cache
The jars for the packages stored in: /root/.ivy2/jars
org.apache.spark#spark-sql-kafka-0-10_2.12 added as a dependency
:: resolving dependencies :: org.apache.spark#spark-submit-parent-a0b66162-2ace-461d-ae76-6f3d3498bff0;1.0
	confs: [default]
	found org.apache.spark#spark-sql-kafka-0-10_2.12;3.2.1 in central
	found org.apache.spark#spark-token-provider-kafka-0-10_2.12;3.2.1 in central
	found org.apache.kafka#kafka-clients;2.8.0 in central
	found org.lz4#lz4-java;1.7.1 in central
	found org.xerial.snappy#snappy-java;1.1.8.4 in central
	found org.slf4j#slf4j-api;1.7.30 in central
	found org.apache.hadoop#hadoop-client-runtime;3.3.1 in central
	found org.spark-project.spark#unused;1.0.0 in central
	found org.apache.hadoop#hadoop-client-api;3.3.1 in central
	found org.apache.htrace#htrace-core4;4.1.0-incubating in central
	found commons-logging#commons-logging;1.1.3 in central
	found com.google.code.findbugs#jsr305;3.0.0 in central
	found org.apache.commons#commons-pool2;2.6.2 in central
:: resolution report :: resolve 735ms :: artifacts dl 24ms
	:: modules in use:
	com.google.code.findbugs#jsr305;3.0.0 from central in [default]
	commons-logging#commons-logging;1.1.3 from central in [default]
	org.apache.commons#commons-pool2;2.6.2 from central in [default]
	org.apache.hadoop#hadoop-client-api;3.3.1 from central in [default]
	org.apache.hadoop#hadoop-client-runtime;3.3.1 from central in [default]
	org.apache.htrace#htrace-core4;4.1.0-incubating from central in [default]
	org.apache.kafka#kafka-clients;2.8.0 from central in [default]
	org.apache.spark#spark-sql-kafka-0-10_2.12;3.2.1 from central in [default]
	org.apache.spark#spark-token-provider-kafka-0-10_2.12;3.2.1 from central in [default]
	org.lz4#lz4-java;1.7.1 from central in [default]
	org.slf4j#slf4j-api;1.7.30 from central in [default]
	org.spark-project.spark#unused;1.0.0 from central in [default]
	org.xerial.snappy#snappy-java;1.1.8.4 from central in [default]
	---------------------------------------------------------------------
	|                  |            modules            ||   artifacts   |
	|       conf       | number| search|dwnlded|evicted|| number|dwnlded|
	---------------------------------------------------------------------
	|      default     |   13  |   0   |   0   |   0   ||   13  |   0   |
	---------------------------------------------------------------------
:: retrieving :: org.apache.spark#spark-submit-parent-a0b66162-2ace-461d-ae76-6f3d3498bff0
	confs: [default]
	0 artifacts copied, 13 already retrieved (0kB/17ms)
24/01/19 08:55:13 WARN NativeCodeLoader: Unable to load native-hadoop library for your platform... using builtin-java classes where applicable
Using Spark's default log4j profile: org/apache/spark/log4j-defaults.properties
24/01/19 08:55:14 INFO SparkContext: Running Spark version 3.2.1
24/01/19 08:55:14 INFO ResourceUtils: ==============================================================
24/01/19 08:55:14 INFO ResourceUtils: No custom resources configured for spark.driver.
24/01/19 08:55:14 INFO ResourceUtils: ==============================================================
24/01/19 08:55:14 INFO SparkContext: Submitted application: stedi
24/01/19 08:55:14 INFO ResourceProfile: Default ResourceProfile created, executor resources: Map(cores -> name: cores, amount: 1, script: , vendor: , memory -> name: memory, amount: 1024, script: , vendor: , offHeap -> name: offHeap, amount: 0, script: , vendor: ), task resources: Map(cpus -> name: cpus, amount: 1.0)
24/01/19 08:55:14 INFO ResourceProfile: Limiting resource is cpu
24/01/19 08:55:14 INFO ResourceProfileManager: Added ResourceProfile id: 0
24/01/19 08:55:14 INFO SecurityManager: Changing view acls to: root
24/01/19 08:55:14 INFO SecurityManager: Changing modify acls to: root
24/01/19 08:55:14 INFO SecurityManager: Changing view acls groups to: 
24/01/19 08:55:14 INFO SecurityManager: Changing modify acls groups to: 
24/01/19 08:55:14 INFO SecurityManager: SecurityManager: authentication disabled; ui acls disabled; users  with view permissions: Set(root); groups with view permissions: Set(); users  with modify permissions: Set(root); groups with modify permissions: Set()
24/01/19 08:55:15 INFO Utils: Successfully started service 'sparkDriver' on port 45377.
24/01/19 08:55:15 INFO SparkEnv: Registering MapOutputTracker
24/01/19 08:55:15 INFO SparkEnv: Registering BlockManagerMaster
24/01/19 08:55:15 INFO BlockManagerMasterEndpoint: Using org.apache.spark.storage.DefaultTopologyMapper for getting topology information
24/01/19 08:55:15 INFO BlockManagerMasterEndpoint: BlockManagerMasterEndpoint up
24/01/19 08:55:15 INFO SparkEnv: Registering BlockManagerMasterHeartbeat
24/01/19 08:55:15 INFO DiskBlockManager: Created local directory at /tmp/blockmgr-66d28909-22f2-48aa-9218-ca07dfe2f08d
24/01/19 08:55:15 INFO MemoryStore: MemoryStore started with capacity 366.3 MiB
24/01/19 08:55:15 INFO SparkEnv: Registering OutputCommitCoordinator
24/01/19 08:55:15 INFO Utils: Successfully started service 'SparkUI' on port 4040.
24/01/19 08:55:15 INFO SparkUI: Bound SparkUI to 0.0.0.0, and started at http://3fb5f9210e00:4040
24/01/19 08:55:15 INFO SparkContext: Added JAR file:///root/.ivy2/jars/org.apache.spark_spark-sql-kafka-0-10_2.12-3.2.1.jar at spark://3fb5f9210e00:45377/jars/org.apache.spark_spark-sql-kafka-0-10_2.12-3.2.1.jar with timestamp 1705654514544
24/01/19 08:55:15 INFO SparkContext: Added JAR file:///root/.ivy2/jars/org.apache.spark_spark-token-provider-kafka-0-10_2.12-3.2.1.jar at spark://3fb5f9210e00:45377/jars/org.apache.spark_spark-token-provider-kafka-0-10_2.12-3.2.1.jar with timestamp 1705654514544
24/01/19 08:55:15 INFO SparkContext: Added JAR file:///root/.ivy2/jars/org.apache.kafka_kafka-clients-2.8.0.jar at spark://3fb5f9210e00:45377/jars/org.apache.kafka_kafka-clients-2.8.0.jar with timestamp 1705654514544
24/01/19 08:55:15 INFO SparkContext: Added JAR file:///root/.ivy2/jars/com.google.code.findbugs_jsr305-3.0.0.jar at spark://3fb5f9210e00:45377/jars/com.google.code.findbugs_jsr305-3.0.0.jar with timestamp 1705654514544
24/01/19 08:55:15 INFO SparkContext: Added JAR file:///root/.ivy2/jars/org.apache.commons_commons-pool2-2.6.2.jar at spark://3fb5f9210e00:45377/jars/org.apache.commons_commons-pool2-2.6.2.jar with timestamp 1705654514544
24/01/19 08:55:15 INFO SparkContext: Added JAR file:///root/.ivy2/jars/org.spark-project.spark_unused-1.0.0.jar at spark://3fb5f9210e00:45377/jars/org.spark-project.spark_unused-1.0.0.jar with timestamp 1705654514544
24/01/19 08:55:15 INFO SparkContext: Added JAR file:///root/.ivy2/jars/org.apache.hadoop_hadoop-client-runtime-3.3.1.jar at spark://3fb5f9210e00:45377/jars/org.apache.hadoop_hadoop-client-runtime-3.3.1.jar with timestamp 1705654514544
24/01/19 08:55:15 INFO SparkContext: Added JAR file:///root/.ivy2/jars/org.lz4_lz4-java-1.7.1.jar at spark://3fb5f9210e00:45377/jars/org.lz4_lz4-java-1.7.1.jar with timestamp 1705654514544
24/01/19 08:55:15 INFO SparkContext: Added JAR file:///root/.ivy2/jars/org.xerial.snappy_snappy-java-1.1.8.4.jar at spark://3fb5f9210e00:45377/jars/org.xerial.snappy_snappy-java-1.1.8.4.jar with timestamp 1705654514544
24/01/19 08:55:15 INFO SparkContext: Added JAR file:///root/.ivy2/jars/org.slf4j_slf4j-api-1.7.30.jar at spark://3fb5f9210e00:45377/jars/org.slf4j_slf4j-api-1.7.30.jar with timestamp 1705654514544
24/01/19 08:55:15 INFO SparkContext: Added JAR file:///root/.ivy2/jars/org.apache.hadoop_hadoop-client-api-3.3.1.jar at spark://3fb5f9210e00:45377/jars/org.apache.hadoop_hadoop-client-api-3.3.1.jar with timestamp 1705654514544
24/01/19 08:55:15 INFO SparkContext: Added JAR file:///root/.ivy2/jars/org.apache.htrace_htrace-core4-4.1.0-incubating.jar at spark://3fb5f9210e00:45377/jars/org.apache.htrace_htrace-core4-4.1.0-incubating.jar with timestamp 1705654514544
24/01/19 08:55:15 INFO SparkContext: Added JAR file:///root/.ivy2/jars/commons-logging_commons-logging-1.1.3.jar at spark://3fb5f9210e00:45377/jars/commons-logging_commons-logging-1.1.3.jar with timestamp 1705654514544
24/01/19 08:55:15 INFO SparkContext: Added file file:///root/.ivy2/jars/org.apache.spark_spark-sql-kafka-0-10_2.12-3.2.1.jar at file:///root/.ivy2/jars/org.apache.spark_spark-sql-kafka-0-10_2.12-3.2.1.jar with timestamp 1705654514544
24/01/19 08:55:15 INFO Utils: Copying /root/.ivy2/jars/org.apache.spark_spark-sql-kafka-0-10_2.12-3.2.1.jar to /tmp/spark-b2a9dcfa-15ee-46aa-87f8-22f746b664cb/userFiles-4ec3053d-b1b8-4460-a07f-a98a9a89c04b/org.apache.spark_spark-sql-kafka-0-10_2.12-3.2.1.jar
24/01/19 08:55:15 INFO SparkContext: Added file file:///root/.ivy2/jars/org.apache.spark_spark-token-provider-kafka-0-10_2.12-3.2.1.jar at file:///root/.ivy2/jars/org.apache.spark_spark-token-provider-kafka-0-10_2.12-3.2.1.jar with timestamp 1705654514544
24/01/19 08:55:15 INFO Utils: Copying /root/.ivy2/jars/org.apache.spark_spark-token-provider-kafka-0-10_2.12-3.2.1.jar to /tmp/spark-b2a9dcfa-15ee-46aa-87f8-22f746b664cb/userFiles-4ec3053d-b1b8-4460-a07f-a98a9a89c04b/org.apache.spark_spark-token-provider-kafka-0-10_2.12-3.2.1.jar
24/01/19 08:55:15 INFO SparkContext: Added file file:///root/.ivy2/jars/org.apache.kafka_kafka-clients-2.8.0.jar at file:///root/.ivy2/jars/org.apache.kafka_kafka-clients-2.8.0.jar with timestamp 1705654514544
24/01/19 08:55:15 INFO Utils: Copying /root/.ivy2/jars/org.apache.kafka_kafka-clients-2.8.0.jar to /tmp/spark-b2a9dcfa-15ee-46aa-87f8-22f746b664cb/userFiles-4ec3053d-b1b8-4460-a07f-a98a9a89c04b/org.apache.kafka_kafka-clients-2.8.0.jar
24/01/19 08:55:15 INFO SparkContext: Added file file:///root/.ivy2/jars/com.google.code.findbugs_jsr305-3.0.0.jar at file:///root/.ivy2/jars/com.google.code.findbugs_jsr305-3.0.0.jar with timestamp 1705654514544
24/01/19 08:55:15 INFO Utils: Copying /root/.ivy2/jars/com.google.code.findbugs_jsr305-3.0.0.jar to /tmp/spark-b2a9dcfa-15ee-46aa-87f8-22f746b664cb/userFiles-4ec3053d-b1b8-4460-a07f-a98a9a89c04b/com.google.code.findbugs_jsr305-3.0.0.jar
24/01/19 08:55:15 INFO SparkContext: Added file file:///root/.ivy2/jars/org.apache.commons_commons-pool2-2.6.2.jar at file:///root/.ivy2/jars/org.apache.commons_commons-pool2-2.6.2.jar with timestamp 1705654514544
24/01/19 08:55:15 INFO Utils: Copying /root/.ivy2/jars/org.apache.commons_commons-pool2-2.6.2.jar to /tmp/spark-b2a9dcfa-15ee-46aa-87f8-22f746b664cb/userFiles-4ec3053d-b1b8-4460-a07f-a98a9a89c04b/org.apache.commons_commons-pool2-2.6.2.jar
24/01/19 08:55:15 INFO SparkContext: Added file file:///root/.ivy2/jars/org.spark-project.spark_unused-1.0.0.jar at file:///root/.ivy2/jars/org.spark-project.spark_unused-1.0.0.jar with timestamp 1705654514544
24/01/19 08:55:15 INFO Utils: Copying /root/.ivy2/jars/org.spark-project.spark_unused-1.0.0.jar to /tmp/spark-b2a9dcfa-15ee-46aa-87f8-22f746b664cb/userFiles-4ec3053d-b1b8-4460-a07f-a98a9a89c04b/org.spark-project.spark_unused-1.0.0.jar
24/01/19 08:55:15 INFO SparkContext: Added file file:///root/.ivy2/jars/org.apache.hadoop_hadoop-client-runtime-3.3.1.jar at file:///root/.ivy2/jars/org.apache.hadoop_hadoop-client-runtime-3.3.1.jar with timestamp 1705654514544
24/01/19 08:55:15 INFO Utils: Copying /root/.ivy2/jars/org.apache.hadoop_hadoop-client-runtime-3.3.1.jar to /tmp/spark-b2a9dcfa-15ee-46aa-87f8-22f746b664cb/userFiles-4ec3053d-b1b8-4460-a07f-a98a9a89c04b/org.apache.hadoop_hadoop-client-runtime-3.3.1.jar
24/01/19 08:55:15 INFO SparkContext: Added file file:///root/.ivy2/jars/org.lz4_lz4-java-1.7.1.jar at file:///root/.ivy2/jars/org.lz4_lz4-java-1.7.1.jar with timestamp 1705654514544
24/01/19 08:55:15 INFO Utils: Copying /root/.ivy2/jars/org.lz4_lz4-java-1.7.1.jar to /tmp/spark-b2a9dcfa-15ee-46aa-87f8-22f746b664cb/userFiles-4ec3053d-b1b8-4460-a07f-a98a9a89c04b/org.lz4_lz4-java-1.7.1.jar
24/01/19 08:55:15 INFO SparkContext: Added file file:///root/.ivy2/jars/org.xerial.snappy_snappy-java-1.1.8.4.jar at file:///root/.ivy2/jars/org.xerial.snappy_snappy-java-1.1.8.4.jar with timestamp 1705654514544
24/01/19 08:55:15 INFO Utils: Copying /root/.ivy2/jars/org.xerial.snappy_snappy-java-1.1.8.4.jar to /tmp/spark-b2a9dcfa-15ee-46aa-87f8-22f746b664cb/userFiles-4ec3053d-b1b8-4460-a07f-a98a9a89c04b/org.xerial.snappy_snappy-java-1.1.8.4.jar
24/01/19 08:55:15 INFO SparkContext: Added file file:///root/.ivy2/jars/org.slf4j_slf4j-api-1.7.30.jar at file:///root/.ivy2/jars/org.slf4j_slf4j-api-1.7.30.jar with timestamp 1705654514544
24/01/19 08:55:15 INFO Utils: Copying /root/.ivy2/jars/org.slf4j_slf4j-api-1.7.30.jar to /tmp/spark-b2a9dcfa-15ee-46aa-87f8-22f746b664cb/userFiles-4ec3053d-b1b8-4460-a07f-a98a9a89c04b/org.slf4j_slf4j-api-1.7.30.jar
24/01/19 08:55:15 INFO SparkContext: Added file file:///root/.ivy2/jars/org.apache.hadoop_hadoop-client-api-3.3.1.jar at file:///root/.ivy2/jars/org.apache.hadoop_hadoop-client-api-3.3.1.jar with timestamp 1705654514544
24/01/19 08:55:15 INFO Utils: Copying /root/.ivy2/jars/org.apache.hadoop_hadoop-client-api-3.3.1.jar to /tmp/spark-b2a9dcfa-15ee-46aa-87f8-22f746b664cb/userFiles-4ec3053d-b1b8-4460-a07f-a98a9a89c04b/org.apache.hadoop_hadoop-client-api-3.3.1.jar
24/01/19 08:55:15 INFO SparkContext: Added file file:///root/.ivy2/jars/org.apache.htrace_htrace-core4-4.1.0-incubating.jar at file:///root/.ivy2/jars/org.apache.htrace_htrace-core4-4.1.0-incubating.jar with timestamp 1705654514544
24/01/19 08:55:15 INFO Utils: Copying /root/.ivy2/jars/org.apache.htrace_htrace-core4-4.1.0-incubating.jar to /tmp/spark-b2a9dcfa-15ee-46aa-87f8-22f746b664cb/userFiles-4ec3053d-b1b8-4460-a07f-a98a9a89c04b/org.apache.htrace_htrace-core4-4.1.0-incubating.jar
24/01/19 08:55:15 INFO SparkContext: Added file file:///root/.ivy2/jars/commons-logging_commons-logging-1.1.3.jar at file:///root/.ivy2/jars/commons-logging_commons-logging-1.1.3.jar with timestamp 1705654514544
24/01/19 08:55:15 INFO Utils: Copying /root/.ivy2/jars/commons-logging_commons-logging-1.1.3.jar to /tmp/spark-b2a9dcfa-15ee-46aa-87f8-22f746b664cb/userFiles-4ec3053d-b1b8-4460-a07f-a98a9a89c04b/commons-logging_commons-logging-1.1.3.jar
24/01/19 08:55:16 INFO Executor: Starting executor ID driver on host 3fb5f9210e00
24/01/19 08:55:16 INFO Executor: Fetching file:///root/.ivy2/jars/org.apache.commons_commons-pool2-2.6.2.jar with timestamp 1705654514544
24/01/19 08:55:16 INFO Utils: /root/.ivy2/jars/org.apache.commons_commons-pool2-2.6.2.jar has been previously copied to /tmp/spark-b2a9dcfa-15ee-46aa-87f8-22f746b664cb/userFiles-4ec3053d-b1b8-4460-a07f-a98a9a89c04b/org.apache.commons_commons-pool2-2.6.2.jar
24/01/19 08:55:16 INFO Executor: Fetching file:///root/.ivy2/jars/commons-logging_commons-logging-1.1.3.jar with timestamp 1705654514544
24/01/19 08:55:16 INFO Utils: /root/.ivy2/jars/commons-logging_commons-logging-1.1.3.jar has been previously copied to /tmp/spark-b2a9dcfa-15ee-46aa-87f8-22f746b664cb/userFiles-4ec3053d-b1b8-4460-a07f-a98a9a89c04b/commons-logging_commons-logging-1.1.3.jar
24/01/19 08:55:16 INFO Executor: Fetching file:///root/.ivy2/jars/org.apache.spark_spark-token-provider-kafka-0-10_2.12-3.2.1.jar with timestamp 1705654514544
24/01/19 08:55:16 INFO Utils: /root/.ivy2/jars/org.apache.spark_spark-token-provider-kafka-0-10_2.12-3.2.1.jar has been previously copied to /tmp/spark-b2a9dcfa-15ee-46aa-87f8-22f746b664cb/userFiles-4ec3053d-b1b8-4460-a07f-a98a9a89c04b/org.apache.spark_spark-token-provider-kafka-0-10_2.12-3.2.1.jar
24/01/19 08:55:16 INFO Executor: Fetching file:///root/.ivy2/jars/org.apache.htrace_htrace-core4-4.1.0-incubating.jar with timestamp 1705654514544
24/01/19 08:55:16 INFO Utils: /root/.ivy2/jars/org.apache.htrace_htrace-core4-4.1.0-incubating.jar has been previously copied to /tmp/spark-b2a9dcfa-15ee-46aa-87f8-22f746b664cb/userFiles-4ec3053d-b1b8-4460-a07f-a98a9a89c04b/org.apache.htrace_htrace-core4-4.1.0-incubating.jar
24/01/19 08:55:16 INFO Executor: Fetching file:///root/.ivy2/jars/org.lz4_lz4-java-1.7.1.jar with timestamp 1705654514544
24/01/19 08:55:16 INFO Utils: /root/.ivy2/jars/org.lz4_lz4-java-1.7.1.jar has been previously copied to /tmp/spark-b2a9dcfa-15ee-46aa-87f8-22f746b664cb/userFiles-4ec3053d-b1b8-4460-a07f-a98a9a89c04b/org.lz4_lz4-java-1.7.1.jar
24/01/19 08:55:16 INFO Executor: Fetching file:///root/.ivy2/jars/org.apache.spark_spark-sql-kafka-0-10_2.12-3.2.1.jar with timestamp 1705654514544
24/01/19 08:55:16 INFO Utils: /root/.ivy2/jars/org.apache.spark_spark-sql-kafka-0-10_2.12-3.2.1.jar has been previously copied to /tmp/spark-b2a9dcfa-15ee-46aa-87f8-22f746b664cb/userFiles-4ec3053d-b1b8-4460-a07f-a98a9a89c04b/org.apache.spark_spark-sql-kafka-0-10_2.12-3.2.1.jar
24/01/19 08:55:16 INFO Executor: Fetching file:///root/.ivy2/jars/org.spark-project.spark_unused-1.0.0.jar with timestamp 1705654514544
24/01/19 08:55:16 INFO Utils: /root/.ivy2/jars/org.spark-project.spark_unused-1.0.0.jar has been previously copied to /tmp/spark-b2a9dcfa-15ee-46aa-87f8-22f746b664cb/userFiles-4ec3053d-b1b8-4460-a07f-a98a9a89c04b/org.spark-project.spark_unused-1.0.0.jar
24/01/19 08:55:16 INFO Executor: Fetching file:///root/.ivy2/jars/com.google.code.findbugs_jsr305-3.0.0.jar with timestamp 1705654514544
24/01/19 08:55:16 INFO Utils: /root/.ivy2/jars/com.google.code.findbugs_jsr305-3.0.0.jar has been previously copied to /tmp/spark-b2a9dcfa-15ee-46aa-87f8-22f746b664cb/userFiles-4ec3053d-b1b8-4460-a07f-a98a9a89c04b/com.google.code.findbugs_jsr305-3.0.0.jar
24/01/19 08:55:16 INFO Executor: Fetching file:///root/.ivy2/jars/org.apache.kafka_kafka-clients-2.8.0.jar with timestamp 1705654514544
24/01/19 08:55:16 INFO Utils: /root/.ivy2/jars/org.apache.kafka_kafka-clients-2.8.0.jar has been previously copied to /tmp/spark-b2a9dcfa-15ee-46aa-87f8-22f746b664cb/userFiles-4ec3053d-b1b8-4460-a07f-a98a9a89c04b/org.apache.kafka_kafka-clients-2.8.0.jar
24/01/19 08:55:16 INFO Executor: Fetching file:///root/.ivy2/jars/org.xerial.snappy_snappy-java-1.1.8.4.jar with timestamp 1705654514544
24/01/19 08:55:16 INFO Utils: /root/.ivy2/jars/org.xerial.snappy_snappy-java-1.1.8.4.jar has been previously copied to /tmp/spark-b2a9dcfa-15ee-46aa-87f8-22f746b664cb/userFiles-4ec3053d-b1b8-4460-a07f-a98a9a89c04b/org.xerial.snappy_snappy-java-1.1.8.4.jar
24/01/19 08:55:16 INFO Executor: Fetching file:///root/.ivy2/jars/org.apache.hadoop_hadoop-client-api-3.3.1.jar with timestamp 1705654514544
24/01/19 08:55:16 INFO Utils: /root/.ivy2/jars/org.apache.hadoop_hadoop-client-api-3.3.1.jar has been previously copied to /tmp/spark-b2a9dcfa-15ee-46aa-87f8-22f746b664cb/userFiles-4ec3053d-b1b8-4460-a07f-a98a9a89c04b/org.apache.hadoop_hadoop-client-api-3.3.1.jar
24/01/19 08:55:16 INFO Executor: Fetching file:///root/.ivy2/jars/org.slf4j_slf4j-api-1.7.30.jar with timestamp 1705654514544
24/01/19 08:55:16 INFO Utils: /root/.ivy2/jars/org.slf4j_slf4j-api-1.7.30.jar has been previously copied to /tmp/spark-b2a9dcfa-15ee-46aa-87f8-22f746b664cb/userFiles-4ec3053d-b1b8-4460-a07f-a98a9a89c04b/org.slf4j_slf4j-api-1.7.30.jar
24/01/19 08:55:16 INFO Executor: Fetching file:///root/.ivy2/jars/org.apache.hadoop_hadoop-client-runtime-3.3.1.jar with timestamp 1705654514544
24/01/19 08:55:16 INFO Utils: /root/.ivy2/jars/org.apache.hadoop_hadoop-client-runtime-3.3.1.jar has been previously copied to /tmp/spark-b2a9dcfa-15ee-46aa-87f8-22f746b664cb/userFiles-4ec3053d-b1b8-4460-a07f-a98a9a89c04b/org.apache.hadoop_hadoop-client-runtime-3.3.1.jar
24/01/19 08:55:16 INFO Executor: Fetching spark://3fb5f9210e00:45377/jars/org.apache.hadoop_hadoop-client-runtime-3.3.1.jar with timestamp 1705654514544
24/01/19 08:55:16 INFO TransportClientFactory: Successfully created connection to 3fb5f9210e00/172.23.0.2:45377 after 64 ms (0 ms spent in bootstraps)
24/01/19 08:55:16 INFO Utils: Fetching spark://3fb5f9210e00:45377/jars/org.apache.hadoop_hadoop-client-runtime-3.3.1.jar to /tmp/spark-b2a9dcfa-15ee-46aa-87f8-22f746b664cb/userFiles-4ec3053d-b1b8-4460-a07f-a98a9a89c04b/fetchFileTemp4972068654103265129.tmp
24/01/19 08:55:16 INFO Utils: /tmp/spark-b2a9dcfa-15ee-46aa-87f8-22f746b664cb/userFiles-4ec3053d-b1b8-4460-a07f-a98a9a89c04b/fetchFileTemp4972068654103265129.tmp has been previously copied to /tmp/spark-b2a9dcfa-15ee-46aa-87f8-22f746b664cb/userFiles-4ec3053d-b1b8-4460-a07f-a98a9a89c04b/org.apache.hadoop_hadoop-client-runtime-3.3.1.jar
24/01/19 08:55:16 INFO Executor: Adding file:/tmp/spark-b2a9dcfa-15ee-46aa-87f8-22f746b664cb/userFiles-4ec3053d-b1b8-4460-a07f-a98a9a89c04b/org.apache.hadoop_hadoop-client-runtime-3.3.1.jar to class loader
24/01/19 08:55:16 INFO Executor: Fetching spark://3fb5f9210e00:45377/jars/org.lz4_lz4-java-1.7.1.jar with timestamp 1705654514544
24/01/19 08:55:16 INFO Utils: Fetching spark://3fb5f9210e00:45377/jars/org.lz4_lz4-java-1.7.1.jar to /tmp/spark-b2a9dcfa-15ee-46aa-87f8-22f746b664cb/userFiles-4ec3053d-b1b8-4460-a07f-a98a9a89c04b/fetchFileTemp6295858950676888249.tmp
24/01/19 08:55:16 INFO Utils: /tmp/spark-b2a9dcfa-15ee-46aa-87f8-22f746b664cb/userFiles-4ec3053d-b1b8-4460-a07f-a98a9a89c04b/fetchFileTemp6295858950676888249.tmp has been previously copied to /tmp/spark-b2a9dcfa-15ee-46aa-87f8-22f746b664cb/userFiles-4ec3053d-b1b8-4460-a07f-a98a9a89c04b/org.lz4_lz4-java-1.7.1.jar
24/01/19 08:55:16 INFO Executor: Adding file:/tmp/spark-b2a9dcfa-15ee-46aa-87f8-22f746b664cb/userFiles-4ec3053d-b1b8-4460-a07f-a98a9a89c04b/org.lz4_lz4-java-1.7.1.jar to class loader
24/01/19 08:55:16 INFO Executor: Fetching spark://3fb5f9210e00:45377/jars/org.slf4j_slf4j-api-1.7.30.jar with timestamp 1705654514544
24/01/19 08:55:16 INFO Utils: Fetching spark://3fb5f9210e00:45377/jars/org.slf4j_slf4j-api-1.7.30.jar to /tmp/spark-b2a9dcfa-15ee-46aa-87f8-22f746b664cb/userFiles-4ec3053d-b1b8-4460-a07f-a98a9a89c04b/fetchFileTemp920823767804965368.tmp
24/01/19 08:55:16 INFO Utils: /tmp/spark-b2a9dcfa-15ee-46aa-87f8-22f746b664cb/userFiles-4ec3053d-b1b8-4460-a07f-a98a9a89c04b/fetchFileTemp920823767804965368.tmp has been previously copied to /tmp/spark-b2a9dcfa-15ee-46aa-87f8-22f746b664cb/userFiles-4ec3053d-b1b8-4460-a07f-a98a9a89c04b/org.slf4j_slf4j-api-1.7.30.jar
24/01/19 08:55:16 INFO Executor: Adding file:/tmp/spark-b2a9dcfa-15ee-46aa-87f8-22f746b664cb/userFiles-4ec3053d-b1b8-4460-a07f-a98a9a89c04b/org.slf4j_slf4j-api-1.7.30.jar to class loader
24/01/19 08:55:16 INFO Executor: Fetching spark://3fb5f9210e00:45377/jars/org.apache.htrace_htrace-core4-4.1.0-incubating.jar with timestamp 1705654514544
24/01/19 08:55:16 INFO Utils: Fetching spark://3fb5f9210e00:45377/jars/org.apache.htrace_htrace-core4-4.1.0-incubating.jar to /tmp/spark-b2a9dcfa-15ee-46aa-87f8-22f746b664cb/userFiles-4ec3053d-b1b8-4460-a07f-a98a9a89c04b/fetchFileTemp6162487471886939932.tmp
24/01/19 08:55:16 INFO Utils: /tmp/spark-b2a9dcfa-15ee-46aa-87f8-22f746b664cb/userFiles-4ec3053d-b1b8-4460-a07f-a98a9a89c04b/fetchFileTemp6162487471886939932.tmp has been previously copied to /tmp/spark-b2a9dcfa-15ee-46aa-87f8-22f746b664cb/userFiles-4ec3053d-b1b8-4460-a07f-a98a9a89c04b/org.apache.htrace_htrace-core4-4.1.0-incubating.jar
24/01/19 08:55:16 INFO Executor: Adding file:/tmp/spark-b2a9dcfa-15ee-46aa-87f8-22f746b664cb/userFiles-4ec3053d-b1b8-4460-a07f-a98a9a89c04b/org.apache.htrace_htrace-core4-4.1.0-incubating.jar to class loader
24/01/19 08:55:16 INFO Executor: Fetching spark://3fb5f9210e00:45377/jars/org.apache.hadoop_hadoop-client-api-3.3.1.jar with timestamp 1705654514544
24/01/19 08:55:16 INFO Utils: Fetching spark://3fb5f9210e00:45377/jars/org.apache.hadoop_hadoop-client-api-3.3.1.jar to /tmp/spark-b2a9dcfa-15ee-46aa-87f8-22f746b664cb/userFiles-4ec3053d-b1b8-4460-a07f-a98a9a89c04b/fetchFileTemp7786914366586832030.tmp
24/01/19 08:55:16 INFO Utils: /tmp/spark-b2a9dcfa-15ee-46aa-87f8-22f746b664cb/userFiles-4ec3053d-b1b8-4460-a07f-a98a9a89c04b/fetchFileTemp7786914366586832030.tmp has been previously copied to /tmp/spark-b2a9dcfa-15ee-46aa-87f8-22f746b664cb/userFiles-4ec3053d-b1b8-4460-a07f-a98a9a89c04b/org.apache.hadoop_hadoop-client-api-3.3.1.jar
24/01/19 08:55:16 INFO Executor: Adding file:/tmp/spark-b2a9dcfa-15ee-46aa-87f8-22f746b664cb/userFiles-4ec3053d-b1b8-4460-a07f-a98a9a89c04b/org.apache.hadoop_hadoop-client-api-3.3.1.jar to class loader
24/01/19 08:55:16 INFO Executor: Fetching spark://3fb5f9210e00:45377/jars/org.apache.commons_commons-pool2-2.6.2.jar with timestamp 1705654514544
24/01/19 08:55:16 INFO Utils: Fetching spark://3fb5f9210e00:45377/jars/org.apache.commons_commons-pool2-2.6.2.jar to /tmp/spark-b2a9dcfa-15ee-46aa-87f8-22f746b664cb/userFiles-4ec3053d-b1b8-4460-a07f-a98a9a89c04b/fetchFileTemp5499982860663714371.tmp
24/01/19 08:55:16 INFO Utils: /tmp/spark-b2a9dcfa-15ee-46aa-87f8-22f746b664cb/userFiles-4ec3053d-b1b8-4460-a07f-a98a9a89c04b/fetchFileTemp5499982860663714371.tmp has been previously copied to /tmp/spark-b2a9dcfa-15ee-46aa-87f8-22f746b664cb/userFiles-4ec3053d-b1b8-4460-a07f-a98a9a89c04b/org.apache.commons_commons-pool2-2.6.2.jar
24/01/19 08:55:16 INFO Executor: Adding file:/tmp/spark-b2a9dcfa-15ee-46aa-87f8-22f746b664cb/userFiles-4ec3053d-b1b8-4460-a07f-a98a9a89c04b/org.apache.commons_commons-pool2-2.6.2.jar to class loader
24/01/19 08:55:16 INFO Executor: Fetching spark://3fb5f9210e00:45377/jars/org.spark-project.spark_unused-1.0.0.jar with timestamp 1705654514544
24/01/19 08:55:16 INFO Utils: Fetching spark://3fb5f9210e00:45377/jars/org.spark-project.spark_unused-1.0.0.jar to /tmp/spark-b2a9dcfa-15ee-46aa-87f8-22f746b664cb/userFiles-4ec3053d-b1b8-4460-a07f-a98a9a89c04b/fetchFileTemp2455950722256540627.tmp
24/01/19 08:55:16 INFO Utils: /tmp/spark-b2a9dcfa-15ee-46aa-87f8-22f746b664cb/userFiles-4ec3053d-b1b8-4460-a07f-a98a9a89c04b/fetchFileTemp2455950722256540627.tmp has been previously copied to /tmp/spark-b2a9dcfa-15ee-46aa-87f8-22f746b664cb/userFiles-4ec3053d-b1b8-4460-a07f-a98a9a89c04b/org.spark-project.spark_unused-1.0.0.jar
24/01/19 08:55:16 INFO Executor: Adding file:/tmp/spark-b2a9dcfa-15ee-46aa-87f8-22f746b664cb/userFiles-4ec3053d-b1b8-4460-a07f-a98a9a89c04b/org.spark-project.spark_unused-1.0.0.jar to class loader
24/01/19 08:55:16 INFO Executor: Fetching spark://3fb5f9210e00:45377/jars/com.google.code.findbugs_jsr305-3.0.0.jar with timestamp 1705654514544
24/01/19 08:55:16 INFO Utils: Fetching spark://3fb5f9210e00:45377/jars/com.google.code.findbugs_jsr305-3.0.0.jar to /tmp/spark-b2a9dcfa-15ee-46aa-87f8-22f746b664cb/userFiles-4ec3053d-b1b8-4460-a07f-a98a9a89c04b/fetchFileTemp1224349100460015720.tmp
24/01/19 08:55:16 INFO Utils: /tmp/spark-b2a9dcfa-15ee-46aa-87f8-22f746b664cb/userFiles-4ec3053d-b1b8-4460-a07f-a98a9a89c04b/fetchFileTemp1224349100460015720.tmp has been previously copied to /tmp/spark-b2a9dcfa-15ee-46aa-87f8-22f746b664cb/userFiles-4ec3053d-b1b8-4460-a07f-a98a9a89c04b/com.google.code.findbugs_jsr305-3.0.0.jar
24/01/19 08:55:16 INFO Executor: Adding file:/tmp/spark-b2a9dcfa-15ee-46aa-87f8-22f746b664cb/userFiles-4ec3053d-b1b8-4460-a07f-a98a9a89c04b/com.google.code.findbugs_jsr305-3.0.0.jar to class loader
24/01/19 08:55:16 INFO Executor: Fetching spark://3fb5f9210e00:45377/jars/org.xerial.snappy_snappy-java-1.1.8.4.jar with timestamp 1705654514544
24/01/19 08:55:16 INFO Utils: Fetching spark://3fb5f9210e00:45377/jars/org.xerial.snappy_snappy-java-1.1.8.4.jar to /tmp/spark-b2a9dcfa-15ee-46aa-87f8-22f746b664cb/userFiles-4ec3053d-b1b8-4460-a07f-a98a9a89c04b/fetchFileTemp1912378946472285903.tmp
24/01/19 08:55:16 INFO Utils: /tmp/spark-b2a9dcfa-15ee-46aa-87f8-22f746b664cb/userFiles-4ec3053d-b1b8-4460-a07f-a98a9a89c04b/fetchFileTemp1912378946472285903.tmp has been previously copied to /tmp/spark-b2a9dcfa-15ee-46aa-87f8-22f746b664cb/userFiles-4ec3053d-b1b8-4460-a07f-a98a9a89c04b/org.xerial.snappy_snappy-java-1.1.8.4.jar
24/01/19 08:55:16 INFO Executor: Adding file:/tmp/spark-b2a9dcfa-15ee-46aa-87f8-22f746b664cb/userFiles-4ec3053d-b1b8-4460-a07f-a98a9a89c04b/org.xerial.snappy_snappy-java-1.1.8.4.jar to class loader
24/01/19 08:55:16 INFO Executor: Fetching spark://3fb5f9210e00:45377/jars/commons-logging_commons-logging-1.1.3.jar with timestamp 1705654514544
24/01/19 08:55:16 INFO Utils: Fetching spark://3fb5f9210e00:45377/jars/commons-logging_commons-logging-1.1.3.jar to /tmp/spark-b2a9dcfa-15ee-46aa-87f8-22f746b664cb/userFiles-4ec3053d-b1b8-4460-a07f-a98a9a89c04b/fetchFileTemp1315088092404890279.tmp
24/01/19 08:55:16 INFO Utils: /tmp/spark-b2a9dcfa-15ee-46aa-87f8-22f746b664cb/userFiles-4ec3053d-b1b8-4460-a07f-a98a9a89c04b/fetchFileTemp1315088092404890279.tmp has been previously copied to /tmp/spark-b2a9dcfa-15ee-46aa-87f8-22f746b664cb/userFiles-4ec3053d-b1b8-4460-a07f-a98a9a89c04b/commons-logging_commons-logging-1.1.3.jar
24/01/19 08:55:16 INFO Executor: Adding file:/tmp/spark-b2a9dcfa-15ee-46aa-87f8-22f746b664cb/userFiles-4ec3053d-b1b8-4460-a07f-a98a9a89c04b/commons-logging_commons-logging-1.1.3.jar to class loader
24/01/19 08:55:16 INFO Executor: Fetching spark://3fb5f9210e00:45377/jars/org.apache.kafka_kafka-clients-2.8.0.jar with timestamp 1705654514544
24/01/19 08:55:16 INFO Utils: Fetching spark://3fb5f9210e00:45377/jars/org.apache.kafka_kafka-clients-2.8.0.jar to /tmp/spark-b2a9dcfa-15ee-46aa-87f8-22f746b664cb/userFiles-4ec3053d-b1b8-4460-a07f-a98a9a89c04b/fetchFileTemp4487566551836192473.tmp
24/01/19 08:55:17 INFO Utils: /tmp/spark-b2a9dcfa-15ee-46aa-87f8-22f746b664cb/userFiles-4ec3053d-b1b8-4460-a07f-a98a9a89c04b/fetchFileTemp4487566551836192473.tmp has been previously copied to /tmp/spark-b2a9dcfa-15ee-46aa-87f8-22f746b664cb/userFiles-4ec3053d-b1b8-4460-a07f-a98a9a89c04b/org.apache.kafka_kafka-clients-2.8.0.jar
24/01/19 08:55:17 INFO Executor: Adding file:/tmp/spark-b2a9dcfa-15ee-46aa-87f8-22f746b664cb/userFiles-4ec3053d-b1b8-4460-a07f-a98a9a89c04b/org.apache.kafka_kafka-clients-2.8.0.jar to class loader
24/01/19 08:55:17 INFO Executor: Fetching spark://3fb5f9210e00:45377/jars/org.apache.spark_spark-token-provider-kafka-0-10_2.12-3.2.1.jar with timestamp 1705654514544
24/01/19 08:55:17 INFO Utils: Fetching spark://3fb5f9210e00:45377/jars/org.apache.spark_spark-token-provider-kafka-0-10_2.12-3.2.1.jar to /tmp/spark-b2a9dcfa-15ee-46aa-87f8-22f746b664cb/userFiles-4ec3053d-b1b8-4460-a07f-a98a9a89c04b/fetchFileTemp2890515941745466452.tmp
24/01/19 08:55:17 INFO Utils: /tmp/spark-b2a9dcfa-15ee-46aa-87f8-22f746b664cb/userFiles-4ec3053d-b1b8-4460-a07f-a98a9a89c04b/fetchFileTemp2890515941745466452.tmp has been previously copied to /tmp/spark-b2a9dcfa-15ee-46aa-87f8-22f746b664cb/userFiles-4ec3053d-b1b8-4460-a07f-a98a9a89c04b/org.apache.spark_spark-token-provider-kafka-0-10_2.12-3.2.1.jar
24/01/19 08:55:17 INFO Executor: Adding file:/tmp/spark-b2a9dcfa-15ee-46aa-87f8-22f746b664cb/userFiles-4ec3053d-b1b8-4460-a07f-a98a9a89c04b/org.apache.spark_spark-token-provider-kafka-0-10_2.12-3.2.1.jar to class loader
24/01/19 08:55:17 INFO Executor: Fetching spark://3fb5f9210e00:45377/jars/org.apache.spark_spark-sql-kafka-0-10_2.12-3.2.1.jar with timestamp 1705654514544
24/01/19 08:55:17 INFO Utils: Fetching spark://3fb5f9210e00:45377/jars/org.apache.spark_spark-sql-kafka-0-10_2.12-3.2.1.jar to /tmp/spark-b2a9dcfa-15ee-46aa-87f8-22f746b664cb/userFiles-4ec3053d-b1b8-4460-a07f-a98a9a89c04b/fetchFileTemp1242643063793374964.tmp
24/01/19 08:55:17 INFO Utils: /tmp/spark-b2a9dcfa-15ee-46aa-87f8-22f746b664cb/userFiles-4ec3053d-b1b8-4460-a07f-a98a9a89c04b/fetchFileTemp1242643063793374964.tmp has been previously copied to /tmp/spark-b2a9dcfa-15ee-46aa-87f8-22f746b664cb/userFiles-4ec3053d-b1b8-4460-a07f-a98a9a89c04b/org.apache.spark_spark-sql-kafka-0-10_2.12-3.2.1.jar
24/01/19 08:55:17 INFO Executor: Adding file:/tmp/spark-b2a9dcfa-15ee-46aa-87f8-22f746b664cb/userFiles-4ec3053d-b1b8-4460-a07f-a98a9a89c04b/org.apache.spark_spark-sql-kafka-0-10_2.12-3.2.1.jar to class loader
24/01/19 08:55:17 INFO Utils: Successfully started service 'org.apache.spark.network.netty.NettyBlockTransferService' on port 40249.
24/01/19 08:55:17 INFO NettyBlockTransferService: Server created on 3fb5f9210e00:40249
24/01/19 08:55:17 INFO BlockManager: Using org.apache.spark.storage.RandomBlockReplicationPolicy for block replication policy
24/01/19 08:55:17 INFO BlockManagerMaster: Registering BlockManager BlockManagerId(driver, 3fb5f9210e00, 40249, None)
24/01/19 08:55:17 INFO BlockManagerMasterEndpoint: Registering block manager 3fb5f9210e00:40249 with 366.3 MiB RAM, BlockManagerId(driver, 3fb5f9210e00, 40249, None)
24/01/19 08:55:17 INFO BlockManagerMaster: Registered BlockManager BlockManagerId(driver, 3fb5f9210e00, 40249, None)
24/01/19 08:55:17 INFO BlockManager: Initialized BlockManager: BlockManagerId(driver, 3fb5f9210e00, 40249, None)
24/01/19 08:55:17 INFO SharedState: Setting hive.metastore.warehouse.dir ('null') to the value of spark.sql.warehouse.dir.
24/01/19 08:55:17 INFO SharedState: Warehouse path is 'file:/opt/bitnami/spark/spark-warehouse'.
24/01/19 08:55:22 WARN ResolveWriteToStream: Temporary checkpoint location created which is deleted normally when the query didn't fail: /tmp/temporary-2bd5b226-1700-4cde-99f1-61db5bb332aa. If it's required to delete it under any circumstances, please set spark.sql.streaming.forceDeleteTempCheckpointLocation to true. Important to know deleting temp checkpoint folder is best effort.
24/01/19 08:55:22 WARN ResolveWriteToStream: spark.sql.adaptive.enabled is not supported in streaming DataFrames/Datasets and will be disabled.
-------------------------------------------
Batch: 0
-------------------------------------------
+--------------------+---------+
|               email|birthYear|
+--------------------+---------+
|Danny.Jefferson@t...|     1965|
|Frank.Mitra@test.com|     1964|
|Edward.Habschied@...|     1963|
|Edward.Huey@test.com|     1962|
|Spencer.Abram@tes...|     1961|
|Suresh.Olson@test...|     1960|
| Gail.Doshi@test.com|     1959|
|Jason.Jackson@tes...|     1958|
|Neeraj.Clayton@te...|     1957|
|Frank.Howard@test...|     1956|
|Eric.Anderson@tes...|     1955|
|Gail.Gonzalez@tes...|     1954|
|Edward.Mitra@test...|     1953|
|Neeraj.Ahmed@test...|     1951|
|Angie.Jones@test.com|     1950|
|Angie.Khatib@test...|     1949|
|Danny.Mitra@test.com|     1948|
|Angie.Clayton@tes...|     1947|
|Spencer.Davis@tes...|     1946|
|Ben.Anderson@test...|     1945|
+--------------------+---------+
only showing top 20 rows

-------------------------------------------
Batch: 1
-------------------------------------------
+-----+---------+
|email|birthYear|
+-----+---------+
+-----+---------+

-------------------------------------------
Batch: 2
-------------------------------------------
+-----+---------+
|email|birthYear|
+-----+---------+
+-----+---------+

-------------------------------------------
Batch: 3
-------------------------------------------
+-----+---------+
|email|birthYear|
+-----+---------+
+-----+---------+

-------------------------------------------
Batch: 4
-------------------------------------------
+-----+---------+
|email|birthYear|
+-----+---------+
+-----+---------+

-------------------------------------------
Batch: 5
-------------------------------------------
+-----+---------+
|email|birthYear|
+-----+---------+
+-----+---------+

-------------------------------------------
Batch: 6
-------------------------------------------
+-----+---------+
|email|birthYear|
+-----+---------+
+-----+---------+

-------------------------------------------
Batch: 7
-------------------------------------------
+-----+---------+
|email|birthYear|
+-----+---------+
+-----+---------+

-------------------------------------------
Batch: 8
-------------------------------------------
+-----+---------+
|email|birthYear|
+-----+---------+
+-----+---------+

-------------------------------------------
Batch: 9
-------------------------------------------
+-----+---------+
|email|birthYear|
+-----+---------+
+-----+---------+

-------------------------------------------
Batch: 10
-------------------------------------------
+-----+---------+
|email|birthYear|
+-----+---------+
+-----+---------+

-------------------------------------------
Batch: 11
-------------------------------------------
+-----+---------+
|email|birthYear|
+-----+---------+
+-----+---------+

-------------------------------------------
Batch: 12
-------------------------------------------
+-----+---------+
|email|birthYear|
+-----+---------+
+-----+---------+

-------------------------------------------
Batch: 13
-------------------------------------------
+-----+---------+
|email|birthYear|
+-----+---------+
+-----+---------+

-------------------------------------------
Batch: 14
-------------------------------------------
+-----+---------+
|email|birthYear|
+-----+---------+
+-----+---------+

-------------------------------------------
Batch: 15
-------------------------------------------
+-----+---------+
|email|birthYear|
+-----+---------+
+-----+---------+

-------------------------------------------
Batch: 16
-------------------------------------------
+-----+---------+
|email|birthYear|
+-----+---------+
+-----+---------+

-------------------------------------------
Batch: 17
-------------------------------------------
+-----+---------+
|email|birthYear|
+-----+---------+
+-----+---------+

-------------------------------------------
Batch: 18
-------------------------------------------
+-----+---------+
|email|birthYear|
+-----+---------+
+-----+---------+

-------------------------------------------
Batch: 19
-------------------------------------------
+-----+---------+
|email|birthYear|
+-----+---------+
+-----+---------+

-------------------------------------------
Batch: 20
-------------------------------------------
+-----+---------+
|email|birthYear|
+-----+---------+
+-----+---------+

-------------------------------------------
Batch: 21
-------------------------------------------
+-----+---------+
|email|birthYear|
+-----+---------+
+-----+---------+

-------------------------------------------
Batch: 22
-------------------------------------------
+-----+---------+
|email|birthYear|
+-----+---------+
+-----+---------+

-------------------------------------------
Batch: 23
-------------------------------------------
+-----+---------+
|email|birthYear|
+-----+---------+
+-----+---------+

-------------------------------------------
Batch: 24
-------------------------------------------
+-----+---------+
|email|birthYear|
+-----+---------+
+-----+---------+

-------------------------------------------
Batch: 25
-------------------------------------------
+-----+---------+
|email|birthYear|
+-----+---------+
+-----+---------+

-------------------------------------------
Batch: 26
-------------------------------------------
+-----+---------+
|email|birthYear|
+-----+---------+
+-----+---------+

-------------------------------------------
Batch: 27
-------------------------------------------
+-----+---------+
|email|birthYear|
+-----+---------+
+-----+---------+

-------------------------------------------
Batch: 28
-------------------------------------------
+-----+---------+
|email|birthYear|
+-----+---------+
+-----+---------+

-------------------------------------------
Batch: 29
-------------------------------------------
+-----+---------+
|email|birthYear|
+-----+---------+
+-----+---------+

-------------------------------------------
Batch: 30
-------------------------------------------
+-----+---------+
|email|birthYear|
+-----+---------+
+-----+---------+

-------------------------------------------
Batch: 31
-------------------------------------------
+-----+---------+
|email|birthYear|
+-----+---------+
+-----+---------+

-------------------------------------------
Batch: 32
-------------------------------------------
+-----+---------+
|email|birthYear|
+-----+---------+
+-----+---------+

-------------------------------------------
Batch: 33
-------------------------------------------
+-----+---------+
|email|birthYear|
+-----+---------+
+-----+---------+

-------------------------------------------
Batch: 34
-------------------------------------------
+-----+---------+
|email|birthYear|
+-----+---------+
+-----+---------+

-------------------------------------------
Batch: 35
-------------------------------------------
+-----+---------+
|email|birthYear|
+-----+---------+
+-----+---------+

-------------------------------------------
Batch: 36
-------------------------------------------
+-----+---------+
|email|birthYear|
+-----+---------+
+-----+---------+

-------------------------------------------
Batch: 37
-------------------------------------------
+-----+---------+
|email|birthYear|
+-----+---------+
+-----+---------+

-------------------------------------------
Batch: 38
-------------------------------------------
+-----+---------+
|email|birthYear|
+-----+---------+
+-----+---------+

-------------------------------------------
Batch: 39
-------------------------------------------
+-----+---------+
|email|birthYear|
+-----+---------+
+-----+---------+

-------------------------------------------
Batch: 40
-------------------------------------------
+-----+---------+
|email|birthYear|
+-----+---------+
+-----+---------+

-------------------------------------------
Batch: 41
-------------------------------------------
+-----+---------+
|email|birthYear|
+-----+---------+
+-----+---------+

-------------------------------------------
Batch: 42
-------------------------------------------
+-----+---------+
|email|birthYear|
+-----+---------+
+-----+---------+

-------------------------------------------
Batch: 43
-------------------------------------------
+-----+---------+
|email|birthYear|
+-----+---------+
+-----+---------+

-------------------------------------------
Batch: 44
-------------------------------------------
+-----+---------+
|email|birthYear|
+-----+---------+
+-----+---------+

-------------------------------------------
Batch: 45
-------------------------------------------
+-----+---------+
|email|birthYear|
+-----+---------+
+-----+---------+

-------------------------------------------
Batch: 46
-------------------------------------------
+-----+---------+
|email|birthYear|
+-----+---------+
+-----+---------+

-------------------------------------------
Batch: 47
-------------------------------------------
+-----+---------+
|email|birthYear|
+-----+---------+
+-----+---------+

-------------------------------------------
Batch: 48
-------------------------------------------
+-----+---------+
|email|birthYear|
+-----+---------+
+-----+---------+

-------------------------------------------
Batch: 49
-------------------------------------------
+-----+---------+
|email|birthYear|
+-----+---------+
+-----+---------+

-------------------------------------------
Batch: 50
-------------------------------------------
+-----+---------+
|email|birthYear|
+-----+---------+
+-----+---------+

-------------------------------------------
Batch: 51
-------------------------------------------
+-----+---------+
|email|birthYear|
+-----+---------+
+-----+---------+

-------------------------------------------
Batch: 52
-------------------------------------------
+-----+---------+
|email|birthYear|
+-----+---------+
+-----+---------+

-------------------------------------------
Batch: 53
-------------------------------------------
+-----+---------+
|email|birthYear|
+-----+---------+
+-----+---------+

-------------------------------------------
Batch: 54
-------------------------------------------
+-----+---------+
|email|birthYear|
+-----+---------+
+-----+---------+

-------------------------------------------
Batch: 55
-------------------------------------------
+-----+---------+
|email|birthYear|
+-----+---------+
+-----+---------+

-------------------------------------------
Batch: 56
-------------------------------------------
+-----+---------+
|email|birthYear|
+-----+---------+
+-----+---------+

-------------------------------------------
Batch: 57
-------------------------------------------
+-----+---------+
|email|birthYear|
+-----+---------+
+-----+---------+

-------------------------------------------
Batch: 58
-------------------------------------------
+-----+---------+
|email|birthYear|
+-----+---------+
+-----+---------+

-------------------------------------------
Batch: 59
-------------------------------------------
+-----+---------+
|email|birthYear|
+-----+---------+
+-----+---------+

-------------------------------------------
Batch: 60
-------------------------------------------
+-----+---------+
|email|birthYear|
+-----+---------+
+-----+---------+

-------------------------------------------
Batch: 61
-------------------------------------------
+-----+---------+
|email|birthYear|
+-----+---------+
+-----+---------+

-------------------------------------------
Batch: 62
-------------------------------------------
+-----+---------+
|email|birthYear|
+-----+---------+
+-----+---------+

-------------------------------------------
Batch: 63
-------------------------------------------
+-----+---------+
|email|birthYear|
+-----+---------+
+-----+---------+

-------------------------------------------
Batch: 64
-------------------------------------------
+-----+---------+
|email|birthYear|
+-----+---------+
+-----+---------+

-------------------------------------------
Batch: 65
-------------------------------------------
+-----+---------+
|email|birthYear|
+-----+---------+
+-----+---------+

-------------------------------------------
Batch: 66
-------------------------------------------
+-----+---------+
|email|birthYear|
+-----+---------+
+-----+---------+

-------------------------------------------
Batch: 67
-------------------------------------------
+-----+---------+
|email|birthYear|
+-----+---------+
+-----+---------+

-------------------------------------------
Batch: 68
-------------------------------------------
+-----+---------+
|email|birthYear|
+-----+---------+
+-----+---------+

-------------------------------------------
Batch: 69
-------------------------------------------
+-----+---------+
|email|birthYear|
+-----+---------+
+-----+---------+

-------------------------------------------
Batch: 70
-------------------------------------------
+-----+---------+
|email|birthYear|
+-----+---------+
+-----+---------+

-------------------------------------------
Batch: 71
-------------------------------------------
+-----+---------+
|email|birthYear|
+-----+---------+
+-----+---------+

-------------------------------------------
Batch: 72
-------------------------------------------
+-----+---------+
|email|birthYear|
+-----+---------+
+-----+---------+

-------------------------------------------
Batch: 73
-------------------------------------------
+-----+---------+
|email|birthYear|
+-----+---------+
+-----+---------+

-------------------------------------------
Batch: 74
-------------------------------------------
+-----+---------+
|email|birthYear|
+-----+---------+
+-----+---------+

-------------------------------------------
Batch: 75
-------------------------------------------
+-----+---------+
|email|birthYear|
+-----+---------+
+-----+---------+

-------------------------------------------
Batch: 76
-------------------------------------------
+-----+---------+
|email|birthYear|
+-----+---------+
+-----+---------+

-------------------------------------------
Batch: 77
-------------------------------------------
+-----+---------+
|email|birthYear|
+-----+---------+
+-----+---------+

-------------------------------------------
Batch: 78
-------------------------------------------
+-----+---------+
|email|birthYear|
+-----+---------+
+-----+---------+

-------------------------------------------
Batch: 79
-------------------------------------------
+-----+---------+
|email|birthYear|
+-----+---------+
+-----+---------+

-------------------------------------------
Batch: 80
-------------------------------------------
+-----+---------+
|email|birthYear|
+-----+---------+
+-----+---------+

-------------------------------------------
Batch: 81
-------------------------------------------
+-----+---------+
|email|birthYear|
+-----+---------+
+-----+---------+

-------------------------------------------
Batch: 82
-------------------------------------------
+-----+---------+
|email|birthYear|
+-----+---------+
+-----+---------+

-------------------------------------------
Batch: 83
-------------------------------------------
+-----+---------+
|email|birthYear|
+-----+---------+
+-----+---------+

-------------------------------------------
Batch: 84
-------------------------------------------
+-----+---------+
|email|birthYear|
+-----+---------+
+-----+---------+

-------------------------------------------
Batch: 85
-------------------------------------------
+-----+---------+
|email|birthYear|
+-----+---------+
+-----+---------+

-------------------------------------------
Batch: 86
-------------------------------------------
+-----+---------+
|email|birthYear|
+-----+---------+
+-----+---------+

-------------------------------------------
Batch: 87
-------------------------------------------
+-----+---------+
|email|birthYear|
+-----+---------+
+-----+---------+

^CERROR:root:Exception while sending command.
Traceback (most recent call last):
  File "/opt/bitnami/spark/python/lib/py4j-0.10.9.3-src.zip/py4j/clientserver.py", line 475, in send_command
    answer = smart_decode(self.stream.readline()[:-1])
RuntimeError: reentrant call inside <_io.BufferedReader name=3>

During handling of the above exception, another exception occurred:

Traceback (most recent call last):
  File "/opt/bitnami/spark/python/lib/py4j-0.10.9.3-src.zip/py4j/java_gateway.py", line 1038, in send_command
    response = connection.send_command(command)
  File "/opt/bitnami/spark/python/lib/py4j-0.10.9.3-src.zip/py4j/clientserver.py", line 503, in send_command
    raise Py4JNetworkError(
py4j.protocol.Py4JNetworkError: Error while sending or receiving
ERROR:root:Exception while sending command.
Traceback (most recent call last):
  File "/opt/bitnami/spark/python/lib/py4j-0.10.9.3-src.zip/py4j/clientserver.py", line 475, in send_command
    answer = smart_decode(self.stream.readline()[:-1])
  File "/opt/bitnami/python/lib/python3.8/socket.py", line 669, in readinto
    return self._sock.recv_into(b)
  File "/opt/bitnami/spark/python/lib/pyspark.zip/pyspark/context.py", line 292, in signal_handler
    self.cancelAllJobs()
  File "/opt/bitnami/spark/python/lib/pyspark.zip/pyspark/context.py", line 1195, in cancelAllJobs
    self._jsc.sc().cancelAllJobs()
  File "/opt/bitnami/spark/python/lib/py4j-0.10.9.3-src.zip/py4j/java_gateway.py", line 1321, in __call__
    return_value = get_return_value(
  File "/opt/bitnami/spark/python/lib/pyspark.zip/pyspark/sql/utils.py", line 111, in deco
    return f(*a, **kw)
  File "/opt/bitnami/spark/python/lib/py4j-0.10.9.3-src.zip/py4j/protocol.py", line 334, in get_return_value
    raise Py4JError(
py4j.protocol.Py4JError: An error occurred while calling o14.sc

During handling of the above exception, another exception occurred:

Traceback (most recent call last):
  File "/opt/bitnami/spark/python/lib/py4j-0.10.9.3-src.zip/py4j/java_gateway.py", line 1038, in send_command
    response = connection.send_command(command)
  File "/opt/bitnami/spark/python/lib/py4j-0.10.9.3-src.zip/py4j/clientserver.py", line 503, in send_command
    raise Py4JNetworkError(
py4j.protocol.Py4JNetworkError: Error while sending or receiving
Traceback (most recent call last):
  File "/home/workspace/project/starter/sparkpyrediskafkastreamtoconsole.py", line 178, in <module>
    emailAndBirthYearStreamingDF.writeStream.format("console").outputMode(
  File "/opt/bitnami/spark/python/lib/pyspark.zip/pyspark/sql/streaming.py", line 101, in awaitTermination
  File "/opt/bitnami/spark/python/lib/py4j-0.10.9.3-src.zip/py4j/java_gateway.py", line 1321, in __call__
  File "/opt/bitnami/spark/python/lib/pyspark.zip/pyspark/sql/utils.py", line 111, in deco
  File "/opt/bitnami/spark/python/lib/py4j-0.10.9.3-src.zip/py4j/protocol.py", line 334, in get_return_value
py4j.protocol.Py4JError: An error occurred while calling o70.awaitTermination
